b:\university projects\sdl-engine\sdl engine\sdl engine\x64\debug\vc143.pdb
b:\university projects\sdl-engine\sdl engine\sdl engine\x64\debug\vc143.idb
b:\university projects\sdl-engine\sdl engine\sdl engine\x64\debug\transform.obj
b:\university projects\sdl-engine\sdl engine\sdl engine\x64\debug\vector2.obj
b:\university projects\sdl-engine\sdl engine\sdl engine\x64\debug\timehandler.obj
b:\university projects\sdl-engine\sdl engine\sdl engine\x64\debug\main.obj
b:\university projects\sdl-engine\sdl engine\sdl engine\x64\debug\gameobject.obj
b:\university projects\sdl-engine\sdl engine\sdl engine\x64\debug\maths.obj
b:\university projects\sdl-engine\sdl engine\sdl engine\x64\debug\collider.obj
b:\university projects\sdl-engine\sdl engine\sdl engine\x64\debug\collisionhandler.obj
b:\university projects\sdl-engine\sdl engine\sdl engine\x64\debug\boxcollider.obj
b:\university projects\sdl-engine\sdl engine\sdl engine\x64\debug\circlecollider.obj
b:\university projects\sdl-engine\sdl engine\sdl engine\x64\debug\rigidbody.obj
b:\university projects\sdl-engine\sdl engine\sdl engine\x64\debug\physicshandler.obj
b:\university projects\sdl-engine\sdl engine\x64\debug\sdl engine.pdb
b:\university projects\sdl-engine\sdl engine\sdl engine\x64\debug\sdl engine.tlog\cl.command.1.tlog
b:\university projects\sdl-engine\sdl engine\sdl engine\x64\debug\sdl engine.tlog\cl.read.1.tlog
b:\university projects\sdl-engine\sdl engine\sdl engine\x64\debug\sdl engine.tlog\cl.write.1.tlog
b:\university projects\sdl-engine\sdl engine\sdl engine\x64\debug\sdl engine.tlog\link-cvtres.read.1.tlog
b:\university projects\sdl-engine\sdl engine\sdl engine\x64\debug\sdl engine.tlog\link-cvtres.write.1.tlog
b:\university projects\sdl-engine\sdl engine\sdl engine\x64\debug\sdl engine.tlog\link-rc.read.1.tlog
b:\university projects\sdl-engine\sdl engine\sdl engine\x64\debug\sdl engine.tlog\link-rc.write.1.tlog
b:\university projects\sdl-engine\sdl engine\sdl engine\x64\debug\sdl engine.tlog\link.command.1.tlog
b:\university projects\sdl-engine\sdl engine\sdl engine\x64\debug\sdl engine.tlog\link.read.1.tlog
b:\university projects\sdl-engine\sdl engine\sdl engine\x64\debug\sdl engine.tlog\link.read.2.tlog
b:\university projects\sdl-engine\sdl engine\sdl engine\x64\debug\sdl engine.tlog\link.write.1.tlog
