  ParticleHandler.cpp
  Particle.cpp
  AnimatorHandler.cpp
  Animator.cpp
  Debug.cpp
  AudioHandler.cpp
  Color.cpp
  Camera.cpp
  Mouse.cpp
  InputHandler.cpp
  PhysicsHandler.cpp
  Rigidbody.cpp
  CircleCollider.cpp
  BoxCollider.cpp
  CollisionHandler.cpp
  Collider.cpp
  Maths.cpp
  GameObject.cpp
  main.cpp
  TimeHandler.cpp
  Generating Code...
  Compiling...
  Vector2.cpp
  Transform.cpp
  TextureHandler.cpp
  Generating Code...
  SDL Engine.vcxproj -> C:\Users\matej\Documents\GitHub\SDL-Engine\SDL Engine\x64\Debug\SDL Engine.exe
